<?xml version="1.0" encoding="UTF-8"?>
<!-- Generated by org.testng.reporters.JUnitXMLReporter -->
<testsuite ignored="0" hostname="MSI" failures="10" tests="18" name="Default test" time="6.858" errors="0" timestamp="2025-01-04T20:38:26 IST">
  <testcase classname="io.cucumber.testng.AbstractTestNGCucumberTests" name="runScenario" time="4.221"/>
  <testcase classname="io.cucumber.testng.AbstractTestNGCucumberTests" name="runScenario" time="0.123">
    <failure type="java.lang.AssertionError" message="Unexpected status code expected [400] but found [201]">
      <![CDATA[java.lang.AssertionError: Unexpected status code expected [400] but found [201]
at org.testng.Assert.fail(Assert.java:111)
at org.testng.Assert.failNotEquals(Assert.java:1578)
at org.testng.Assert.assertEqualsImpl(Assert.java:150)
at org.testng.Assert.assertEquals(Assert.java:132)
at org.testng.Assert.assertEquals(Assert.java:1419)
at org.testng.Assert.assertEquals(Assert.java:1383)
at stepDefinitions.BookApiSteps.iShouldReceiveAResponseWithStatusCode(BookApiSteps.java:56)
at ✽.I should receive a response with status code 400(file:///C:/Users/shakthi/eclipse-workspace/BDDFramework_BackEnd/src/test/resources/Features/createBook.feature:17)
]]>
    </failure>
  </testcase> <!-- runScenario -->
  <testcase classname="io.cucumber.testng.AbstractTestNGCucumberTests" name="runScenario" time="0.093">
    <failure type="java.lang.AssertionError" message="Unexpected status code expected [400] but found [201]">
      <![CDATA[java.lang.AssertionError: Unexpected status code expected [400] but found [201]
at org.testng.Assert.fail(Assert.java:111)
at org.testng.Assert.failNotEquals(Assert.java:1578)
at org.testng.Assert.assertEqualsImpl(Assert.java:150)
at org.testng.Assert.assertEquals(Assert.java:132)
at org.testng.Assert.assertEquals(Assert.java:1419)
at org.testng.Assert.assertEquals(Assert.java:1383)
at stepDefinitions.BookApiSteps.iShouldReceiveAResponseWithStatusCode(BookApiSteps.java:56)
at ✽.I should receive a response with status code 400(file:///C:/Users/shakthi/eclipse-workspace/BDDFramework_BackEnd/src/test/resources/Features/createBook.feature:25)
]]>
    </failure>
  </testcase> <!-- runScenario -->
  <testcase classname="io.cucumber.testng.AbstractTestNGCucumberTests" name="runScenario" time="0.115"/>
  <testcase classname="io.cucumber.testng.AbstractTestNGCucumberTests" name="runScenario" time="0.119"/>
  <testcase classname="io.cucumber.testng.AbstractTestNGCucumberTests" name="runScenario" time="0.096">
    <failure type="java.lang.AssertionError" message="Unexpected status code expected [400] but found [201]">
      <![CDATA[java.lang.AssertionError: Unexpected status code expected [400] but found [201]
at org.testng.Assert.fail(Assert.java:111)
at org.testng.Assert.failNotEquals(Assert.java:1578)
at org.testng.Assert.assertEqualsImpl(Assert.java:150)
at org.testng.Assert.assertEquals(Assert.java:132)
at org.testng.Assert.assertEquals(Assert.java:1419)
at org.testng.Assert.assertEquals(Assert.java:1383)
at stepDefinitions.BookApiSteps.iShouldReceiveAResponseWithStatusCode(BookApiSteps.java:56)
at ✽.I should receive a response with status code 400(file:///C:/Users/shakthi/eclipse-workspace/BDDFramework_BackEnd/src/test/resources/Features/createBook.feature:50)
]]>
    </failure>
  </testcase> <!-- runScenario -->
  <testcase classname="io.cucumber.testng.AbstractTestNGCucumberTests" name="runScenario" time="0.223">
    <failure type="java.lang.AssertionError" message="Unexpected status code expected [200] but found [403]">
      <![CDATA[java.lang.AssertionError: Unexpected status code expected [200] but found [403]
at org.testng.Assert.fail(Assert.java:111)
at org.testng.Assert.failNotEquals(Assert.java:1578)
at org.testng.Assert.assertEqualsImpl(Assert.java:150)
at org.testng.Assert.assertEquals(Assert.java:132)
at org.testng.Assert.assertEquals(Assert.java:1419)
at org.testng.Assert.assertEquals(Assert.java:1383)
at stepDefinitions.DeleteBookApiSteps.iShouldReceiveAResponseWithStatusCode(DeleteBookApiSteps.java:67)
at ✽.I should receive a response with status code for deletion 200(file:///C:/Users/shakthi/eclipse-workspace/BDDFramework_BackEnd/src/test/resources/Features/deleteBook.feature:9)
]]>
    </failure>
  </testcase> <!-- runScenario -->
  <testcase classname="io.cucumber.testng.AbstractTestNGCucumberTests" name="runScenario" time="0.091">
    <failure type="java.lang.AssertionError" message="Unexpected status code expected [404] but found [403]">
      <![CDATA[java.lang.AssertionError: Unexpected status code expected [404] but found [403]
at org.testng.Assert.fail(Assert.java:111)
at org.testng.Assert.failNotEquals(Assert.java:1578)
at org.testng.Assert.assertEqualsImpl(Assert.java:150)
at org.testng.Assert.assertEquals(Assert.java:132)
at org.testng.Assert.assertEquals(Assert.java:1419)
at org.testng.Assert.assertEquals(Assert.java:1383)
at stepDefinitions.DeleteBookApiSteps.iShouldReceiveAResponseWithStatusCode(DeleteBookApiSteps.java:67)
at ✽.I should receive a response with status code for deletion 404(file:///C:/Users/shakthi/eclipse-workspace/BDDFramework_BackEnd/src/test/resources/Features/deleteBook.feature:16)
]]>
    </failure>
  </testcase> <!-- runScenario -->
  <testcase classname="io.cucumber.testng.AbstractTestNGCucumberTests" name="runScenario" time="0.101">
    <failure type="java.lang.AssertionError" message="Unexpected status code expected [400] but found [405]">
      <![CDATA[java.lang.AssertionError: Unexpected status code expected [400] but found [405]
at org.testng.Assert.fail(Assert.java:111)
at org.testng.Assert.failNotEquals(Assert.java:1578)
at org.testng.Assert.assertEqualsImpl(Assert.java:150)
at org.testng.Assert.assertEquals(Assert.java:132)
at org.testng.Assert.assertEquals(Assert.java:1419)
at org.testng.Assert.assertEquals(Assert.java:1383)
at stepDefinitions.DeleteBookApiSteps.iShouldReceiveAResponseWithStatusCode(DeleteBookApiSteps.java:67)
at ✽.I should receive a response with status code for deletion 400(file:///C:/Users/shakthi/eclipse-workspace/BDDFramework_BackEnd/src/test/resources/Features/deleteBook.feature:22)
]]>
    </failure>
  </testcase> <!-- runScenario -->
  <testcase classname="io.cucumber.testng.AbstractTestNGCucumberTests" name="runScenario" time="0.11">
    <failure type="java.lang.AssertionError" message="Unexpected status code expected [403] but found [200]">
      <![CDATA[java.lang.AssertionError: Unexpected status code expected [403] but found [200]
at org.testng.Assert.fail(Assert.java:111)
at org.testng.Assert.failNotEquals(Assert.java:1578)
at org.testng.Assert.assertEqualsImpl(Assert.java:150)
at org.testng.Assert.assertEquals(Assert.java:132)
at org.testng.Assert.assertEquals(Assert.java:1419)
at org.testng.Assert.assertEquals(Assert.java:1383)
at stepDefinitions.DeleteBookApiSteps.iShouldReceiveAResponseWithStatusCode(DeleteBookApiSteps.java:67)
at ✽.I should receive a response with status code for deletion 403(file:///C:/Users/shakthi/eclipse-workspace/BDDFramework_BackEnd/src/test/resources/Features/deleteBook.feature:28)
]]>
    </failure>
  </testcase> <!-- runScenario -->
  <testcase classname="io.cucumber.testng.AbstractTestNGCucumberTests" name="runScenario" time="0.088">
    <failure type="java.lang.AssertionError" message="Unexpected status code expected [200] but found [403]">
      <![CDATA[java.lang.AssertionError: Unexpected status code expected [200] but found [403]
at org.testng.Assert.fail(Assert.java:111)
at org.testng.Assert.failNotEquals(Assert.java:1578)
at org.testng.Assert.assertEqualsImpl(Assert.java:150)
at org.testng.Assert.assertEquals(Assert.java:132)
at org.testng.Assert.assertEquals(Assert.java:1419)
at org.testng.Assert.assertEquals(Assert.java:1383)
at stepDefinitions.BookApiSteps.iShouldReceiveAResponseWithStatusCode(BookApiSteps.java:56)
at ✽.I should receive a response with status code 200(file:///C:/Users/shakthi/eclipse-workspace/BDDFramework_BackEnd/src/test/resources/Features/getbook.feature:6)
]]>
    </failure>
  </testcase> <!-- runScenario -->
  <testcase classname="io.cucumber.testng.AbstractTestNGCucumberTests" name="runScenario" time="0.119"/>
  <testcase classname="io.cucumber.testng.AbstractTestNGCucumberTests" name="runScenario" time="0.093"/>
  <testcase classname="io.cucumber.testng.AbstractTestNGCucumberTests" name="runScenario" time="0.094"/>
  <testcase classname="io.cucumber.testng.AbstractTestNGCucumberTests" name="runScenario" time="0.119"/>
  <testcase classname="io.cucumber.testng.AbstractTestNGCucumberTests" name="runScenario" time="0.105">
    <failure type="java.lang.AssertionError" message="Unexpected status code for update expected [400] but found [200]">
      <![CDATA[java.lang.AssertionError: Unexpected status code for update expected [400] but found [200]
at org.testng.Assert.fail(Assert.java:111)
at org.testng.Assert.failNotEquals(Assert.java:1578)
at org.testng.Assert.assertEqualsImpl(Assert.java:150)
at org.testng.Assert.assertEquals(Assert.java:132)
at org.testng.Assert.assertEquals(Assert.java:1419)
at org.testng.Assert.assertEquals(Assert.java:1383)
at stepDefinitions.UpdateBookSteps.iShouldReceiveAnUpdateResponseWithStatusCode(UpdateBookSteps.java:48)
at ✽.I should receive an update response with status code 400(file:///C:/Users/shakthi/eclipse-workspace/BDDFramework_BackEnd/src/test/resources/Features/updatebook.feature:17)
]]>
    </failure>
  </testcase> <!-- runScenario -->
  <testcase classname="io.cucumber.testng.AbstractTestNGCucumberTests" name="runScenario" time="0.088"/>
  <testcase classname="io.cucumber.testng.AbstractTestNGCucumberTests" name="runScenario" time="0.083">
    <failure type="java.lang.AssertionError" message="Unexpected status code for update expected [403] but found [208]">
      <![CDATA[java.lang.AssertionError: Unexpected status code for update expected [403] but found [208]
at org.testng.Assert.fail(Assert.java:111)
at org.testng.Assert.failNotEquals(Assert.java:1578)
at org.testng.Assert.assertEqualsImpl(Assert.java:150)
at org.testng.Assert.assertEquals(Assert.java:132)
at org.testng.Assert.assertEquals(Assert.java:1419)
at org.testng.Assert.assertEquals(Assert.java:1383)
at stepDefinitions.UpdateBookSteps.iShouldReceiveAnUpdateResponseWithStatusCode(UpdateBookSteps.java:48)
at ✽.I should receive an update response with status code 403(file:///C:/Users/shakthi/eclipse-workspace/BDDFramework_BackEnd/src/test/resources/Features/updatebook.feature:32)
]]>
    </failure>
  </testcase> <!-- runScenario -->
</testsuite> <!-- Default test -->
