<html>
<head>
<title>TestNG:  Default test</title>
<link href="../testng.css" rel="stylesheet" type="text/css" />
<link href="../my-testng.css" rel="stylesheet" type="text/css" />

<style type="text/css">
.log { display: none;} 
.stack-trace { display: none;} 
</style>
<script type="text/javascript">
<!--
function flip(e) {
  current = e.style.display;
  if (current == 'block') {
    e.style.display = 'none';
    return 0;
  }
  else {
    e.style.display = 'block';
    return 1;
  }
}

function toggleBox(szDivId, elem, msg1, msg2)
{
  var res = -1;  if (document.getElementById) {
    res = flip(document.getElementById(szDivId));
  }
  else if (document.all) {
    // this is the way old msie versions work
    res = flip(document.all[szDivId]);
  }
  if(elem) {
    if(res == 0) elem.innerHTML = msg1; else elem.innerHTML = msg2;
  }

}

function toggleAllBoxes() {
  if (document.getElementsByTagName) {
    d = document.getElementsByTagName('div');
    for (i = 0; i < d.length; i++) {
      if (d[i].className == 'log') {
        flip(d[i]);
      }
    }
  }
}

// -->
</script>

</head>
<body>
<h2 align='center'>Default test</h2><table border='1' align="center">
<tr>
<td>Tests passed/Failed/Skipped:</td><td>8/10/0</td>
</tr><tr>
<td>Started on:</td><td>Sat Jan 04 20:38:19 IST 2025</td>
</tr>
<tr><td>Total time:</td><td>6 seconds (6858 ms)</td>
</tr><tr>
<td>Included groups:</td><td></td>
</tr><tr>
<td>Excluded groups:</td><td></td>
</tr>
</table><p/>
<small><i>(Hover the method name to see the test class name)</i></small><p/>
<table width='100%' border='1' class='invocation-failed'>
<tr><td colspan='4' align='center'><b>FAILED TESTS</b></td></tr>
<tr><td><b>Test method</b></td>
<td><b>Attribute(s)</b></td>
<td width="30%"><b>Exception</b></td>
<td width="10%"><b>Time (seconds)</b></td>
<td><b>Instance</b></td>
</tr>
<tr>
<td title='runners.TestRunner.runScenario()'><b>runScenario</b><br>Test class: runners.TestRunner<br>Test method: Runs Cucumber Scenarios<br>Parameters: "User tries to delete a book", "Delete Book API"</td>
<td><div><pre>java.lang.AssertionError: Unexpected status code expected [403] but found [200]
	at org.testng.Assert.fail(Assert.java:111)
	at org.testng.Assert.failNotEquals(Assert.java:1578)
	at org.testng.Assert.assertEqualsImpl(Assert.java:150)
	at org.testng.Assert.assertEquals(Assert.java:132)
	at org.testng.Assert.assertEquals(Assert.java:1419)
	at org.testng.Assert.assertEquals(Assert.java:1383)
	at stepDefinitions.DeleteBookApiSteps.iShouldReceiveAResponseWithStatusCode(DeleteBookApiSteps.java:67)
	at ✽.I should receive a response with status code for deletion 403(file:///C:/Users/shakthi/eclipse-workspace/BDDFramework_BackEnd/src/test/resources/Features/deleteBook.feature:28)
</pre></div><a href='#' onClick='toggleBox("stack-trace2101082331", this, "Click to show all stack frames", "Click to hide stack frames")'>Click to show all stack frames</a>
<div class='stack-trace' id='stack-trace2101082331'><pre>java.lang.AssertionError: Unexpected status code expected [403] but found [200]
	at org.testng.Assert.fail(Assert.java:111)
	at org.testng.Assert.failNotEquals(Assert.java:1578)
	at org.testng.Assert.assertEqualsImpl(Assert.java:150)
	at org.testng.Assert.assertEquals(Assert.java:132)
	at org.testng.Assert.assertEquals(Assert.java:1419)
	at org.testng.Assert.assertEquals(Assert.java:1383)
	at stepDefinitions.DeleteBookApiSteps.iShouldReceiveAResponseWithStatusCode(DeleteBookApiSteps.java:67)
	at ✽.I should receive a response with status code for deletion 403(file:///C:/Users/shakthi/eclipse-workspace/BDDFramework_BackEnd/src/test/resources/Features/deleteBook.feature:28)
</pre></div></td>
<td>0</td>
<td>runners.TestRunner@5852c06f</td></tr>
<tr>
<td title='runners.TestRunner.runScenario()'><b>runScenario</b><br>Test class: runners.TestRunner<br>Test method: Runs Cucumber Scenarios<br>Parameters: "Try to delete a book without providing an ID", "Delete Book API"</td>
<td><div><pre>java.lang.AssertionError: Unexpected status code expected [400] but found [405]
	at org.testng.Assert.fail(Assert.java:111)
	at org.testng.Assert.failNotEquals(Assert.java:1578)
	at org.testng.Assert.assertEqualsImpl(Assert.java:150)
	at org.testng.Assert.assertEquals(Assert.java:132)
	at org.testng.Assert.assertEquals(Assert.java:1419)
	at org.testng.Assert.assertEquals(Assert.java:1383)
	at stepDefinitions.DeleteBookApiSteps.iShouldReceiveAResponseWithStatusCode(DeleteBookApiSteps.java:67)
	at ✽.I should receive a response with status code for deletion 400(file:///C:/Users/shakthi/eclipse-workspace/BDDFramework_BackEnd/src/test/resources/Features/deleteBook.feature:22)
</pre></div><a href='#' onClick='toggleBox("stack-trace725978326", this, "Click to show all stack frames", "Click to hide stack frames")'>Click to show all stack frames</a>
<div class='stack-trace' id='stack-trace725978326'><pre>java.lang.AssertionError: Unexpected status code expected [400] but found [405]
	at org.testng.Assert.fail(Assert.java:111)
	at org.testng.Assert.failNotEquals(Assert.java:1578)
	at org.testng.Assert.assertEqualsImpl(Assert.java:150)
	at org.testng.Assert.assertEquals(Assert.java:132)
	at org.testng.Assert.assertEquals(Assert.java:1419)
	at org.testng.Assert.assertEquals(Assert.java:1383)
	at stepDefinitions.DeleteBookApiSteps.iShouldReceiveAResponseWithStatusCode(DeleteBookApiSteps.java:67)
	at ✽.I should receive a response with status code for deletion 400(file:///C:/Users/shakthi/eclipse-workspace/BDDFramework_BackEnd/src/test/resources/Features/deleteBook.feature:22)
</pre></div></td>
<td>0</td>
<td>runners.TestRunner@5852c06f</td></tr>
<tr>
<td title='runners.TestRunner.runScenario()'><b>runScenario</b><br>Test class: runners.TestRunner<br>Test method: Runs Cucumber Scenarios<br>Parameters: "User retrieves a book by ID", "Retrieve Book"</td>
<td><div><pre>java.lang.AssertionError: Unexpected status code expected [200] but found [403]
	at org.testng.Assert.fail(Assert.java:111)
	at org.testng.Assert.failNotEquals(Assert.java:1578)
	at org.testng.Assert.assertEqualsImpl(Assert.java:150)
	at org.testng.Assert.assertEquals(Assert.java:132)
	at org.testng.Assert.assertEquals(Assert.java:1419)
	at org.testng.Assert.assertEquals(Assert.java:1383)
	at stepDefinitions.BookApiSteps.iShouldReceiveAResponseWithStatusCode(BookApiSteps.java:56)
	at ✽.I should receive a response with status code 200(file:///C:/Users/shakthi/eclipse-workspace/BDDFramework_BackEnd/src/test/resources/Features/getbook.feature:6)
</pre></div><a href='#' onClick='toggleBox("stack-trace1032689422", this, "Click to show all stack frames", "Click to hide stack frames")'>Click to show all stack frames</a>
<div class='stack-trace' id='stack-trace1032689422'><pre>java.lang.AssertionError: Unexpected status code expected [200] but found [403]
	at org.testng.Assert.fail(Assert.java:111)
	at org.testng.Assert.failNotEquals(Assert.java:1578)
	at org.testng.Assert.assertEqualsImpl(Assert.java:150)
	at org.testng.Assert.assertEquals(Assert.java:132)
	at org.testng.Assert.assertEquals(Assert.java:1419)
	at org.testng.Assert.assertEquals(Assert.java:1383)
	at stepDefinitions.BookApiSteps.iShouldReceiveAResponseWithStatusCode(BookApiSteps.java:56)
	at ✽.I should receive a response with status code 200(file:///C:/Users/shakthi/eclipse-workspace/BDDFramework_BackEnd/src/test/resources/Features/getbook.feature:6)
</pre></div></td>
<td>0</td>
<td>runners.TestRunner@5852c06f</td></tr>
<tr>
<td title='runners.TestRunner.runScenario()'><b>runScenario</b><br>Test class: runners.TestRunner<br>Test method: Runs Cucumber Scenarios<br>Parameters: "Submitting invalid data with integers for author and title", "Create Book API"</td>
<td><div><pre>java.lang.AssertionError: Unexpected status code expected [400] but found [201]
	at org.testng.Assert.fail(Assert.java:111)
	at org.testng.Assert.failNotEquals(Assert.java:1578)
	at org.testng.Assert.assertEqualsImpl(Assert.java:150)
	at org.testng.Assert.assertEquals(Assert.java:132)
	at org.testng.Assert.assertEquals(Assert.java:1419)
	at org.testng.Assert.assertEquals(Assert.java:1383)
	at stepDefinitions.BookApiSteps.iShouldReceiveAResponseWithStatusCode(BookApiSteps.java:56)
	at ✽.I should receive a response with status code 400(file:///C:/Users/shakthi/eclipse-workspace/BDDFramework_BackEnd/src/test/resources/Features/createBook.feature:50)
</pre></div><a href='#' onClick='toggleBox("stack-trace18163968", this, "Click to show all stack frames", "Click to hide stack frames")'>Click to show all stack frames</a>
<div class='stack-trace' id='stack-trace18163968'><pre>java.lang.AssertionError: Unexpected status code expected [400] but found [201]
	at org.testng.Assert.fail(Assert.java:111)
	at org.testng.Assert.failNotEquals(Assert.java:1578)
	at org.testng.Assert.assertEqualsImpl(Assert.java:150)
	at org.testng.Assert.assertEquals(Assert.java:132)
	at org.testng.Assert.assertEquals(Assert.java:1419)
	at org.testng.Assert.assertEquals(Assert.java:1383)
	at stepDefinitions.BookApiSteps.iShouldReceiveAResponseWithStatusCode(BookApiSteps.java:56)
	at ✽.I should receive a response with status code 400(file:///C:/Users/shakthi/eclipse-workspace/BDDFramework_BackEnd/src/test/resources/Features/createBook.feature:50)
</pre></div></td>
<td>0</td>
<td>runners.TestRunner@5852c06f</td></tr>
<tr>
<td title='runners.TestRunner.runScenario()'><b>runScenario</b><br>Test class: runners.TestRunner<br>Test method: Runs Cucumber Scenarios<br>Parameters: "Successfully delete an existing book", "Delete Book API"</td>
<td><div><pre>java.lang.AssertionError: Unexpected status code expected [200] but found [403]
	at org.testng.Assert.fail(Assert.java:111)
	at org.testng.Assert.failNotEquals(Assert.java:1578)
	at org.testng.Assert.assertEqualsImpl(Assert.java:150)
	at org.testng.Assert.assertEquals(Assert.java:132)
	at org.testng.Assert.assertEquals(Assert.java:1419)
	at org.testng.Assert.assertEquals(Assert.java:1383)
	at stepDefinitions.DeleteBookApiSteps.iShouldReceiveAResponseWithStatusCode(DeleteBookApiSteps.java:67)
	at ✽.I should receive a response with status code for deletion 200(file:///C:/Users/shakthi/eclipse-workspace/BDDFramework_BackEnd/src/test/resources/Features/deleteBook.feature:9)
</pre></div><a href='#' onClick='toggleBox("stack-trace1452232618", this, "Click to show all stack frames", "Click to hide stack frames")'>Click to show all stack frames</a>
<div class='stack-trace' id='stack-trace1452232618'><pre>java.lang.AssertionError: Unexpected status code expected [200] but found [403]
	at org.testng.Assert.fail(Assert.java:111)
	at org.testng.Assert.failNotEquals(Assert.java:1578)
	at org.testng.Assert.assertEqualsImpl(Assert.java:150)
	at org.testng.Assert.assertEquals(Assert.java:132)
	at org.testng.Assert.assertEquals(Assert.java:1419)
	at org.testng.Assert.assertEquals(Assert.java:1383)
	at stepDefinitions.DeleteBookApiSteps.iShouldReceiveAResponseWithStatusCode(DeleteBookApiSteps.java:67)
	at ✽.I should receive a response with status code for deletion 200(file:///C:/Users/shakthi/eclipse-workspace/BDDFramework_BackEnd/src/test/resources/Features/deleteBook.feature:9)
</pre></div></td>
<td>0</td>
<td>runners.TestRunner@5852c06f</td></tr>
<tr>
<td title='runners.TestRunner.runScenario()'><b>runScenario</b><br>Test class: runners.TestRunner<br>Test method: Runs Cucumber Scenarios<br>Parameters: "user should not be allowed to successfully update a book", "Update Book API"</td>
<td><div><pre>java.lang.AssertionError: Unexpected status code for update expected [403] but found [208]
	at org.testng.Assert.fail(Assert.java:111)
	at org.testng.Assert.failNotEquals(Assert.java:1578)
	at org.testng.Assert.assertEqualsImpl(Assert.java:150)
	at org.testng.Assert.assertEquals(Assert.java:132)
	at org.testng.Assert.assertEquals(Assert.java:1419)
	at org.testng.Assert.assertEquals(Assert.java:1383)
	at stepDefinitions.UpdateBookSteps.iShouldReceiveAnUpdateResponseWithStatusCode(UpdateBookSteps.java:48)
	at ✽.I should receive an update response with status code 403(file:///C:/Users/shakthi/eclipse-workspace/BDDFramework_BackEnd/src/test/resources/Features/updatebook.feature:32)
</pre></div><a href='#' onClick='toggleBox("stack-trace109987815", this, "Click to show all stack frames", "Click to hide stack frames")'>Click to show all stack frames</a>
<div class='stack-trace' id='stack-trace109987815'><pre>java.lang.AssertionError: Unexpected status code for update expected [403] but found [208]
	at org.testng.Assert.fail(Assert.java:111)
	at org.testng.Assert.failNotEquals(Assert.java:1578)
	at org.testng.Assert.assertEqualsImpl(Assert.java:150)
	at org.testng.Assert.assertEquals(Assert.java:132)
	at org.testng.Assert.assertEquals(Assert.java:1419)
	at org.testng.Assert.assertEquals(Assert.java:1383)
	at stepDefinitions.UpdateBookSteps.iShouldReceiveAnUpdateResponseWithStatusCode(UpdateBookSteps.java:48)
	at ✽.I should receive an update response with status code 403(file:///C:/Users/shakthi/eclipse-workspace/BDDFramework_BackEnd/src/test/resources/Features/updatebook.feature:32)
</pre></div></td>
<td>0</td>
<td>runners.TestRunner@5852c06f</td></tr>
<tr>
<td title='runners.TestRunner.runScenario()'><b>runScenario</b><br>Test class: runners.TestRunner<br>Test method: Runs Cucumber Scenarios<br>Parameters: "Try to update a book with missing author as an Admin", "Update Book API"</td>
<td><div><pre>java.lang.AssertionError: Unexpected status code for update expected [400] but found [200]
	at org.testng.Assert.fail(Assert.java:111)
	at org.testng.Assert.failNotEquals(Assert.java:1578)
	at org.testng.Assert.assertEqualsImpl(Assert.java:150)
	at org.testng.Assert.assertEquals(Assert.java:132)
	at org.testng.Assert.assertEquals(Assert.java:1419)
	at org.testng.Assert.assertEquals(Assert.java:1383)
	at stepDefinitions.UpdateBookSteps.iShouldReceiveAnUpdateResponseWithStatusCode(UpdateBookSteps.java:48)
	at ✽.I should receive an update response with status code 400(file:///C:/Users/shakthi/eclipse-workspace/BDDFramework_BackEnd/src/test/resources/Features/updatebook.feature:17)
</pre></div><a href='#' onClick='toggleBox("stack-trace145494758", this, "Click to show all stack frames", "Click to hide stack frames")'>Click to show all stack frames</a>
<div class='stack-trace' id='stack-trace145494758'><pre>java.lang.AssertionError: Unexpected status code for update expected [400] but found [200]
	at org.testng.Assert.fail(Assert.java:111)
	at org.testng.Assert.failNotEquals(Assert.java:1578)
	at org.testng.Assert.assertEqualsImpl(Assert.java:150)
	at org.testng.Assert.assertEquals(Assert.java:132)
	at org.testng.Assert.assertEquals(Assert.java:1419)
	at org.testng.Assert.assertEquals(Assert.java:1383)
	at stepDefinitions.UpdateBookSteps.iShouldReceiveAnUpdateResponseWithStatusCode(UpdateBookSteps.java:48)
	at ✽.I should receive an update response with status code 400(file:///C:/Users/shakthi/eclipse-workspace/BDDFramework_BackEnd/src/test/resources/Features/updatebook.feature:17)
</pre></div></td>
<td>0</td>
<td>runners.TestRunner@5852c06f</td></tr>
<tr>
<td title='runners.TestRunner.runScenario()'><b>runScenario</b><br>Test class: runners.TestRunner<br>Test method: Runs Cucumber Scenarios<br>Parameters: "Try to create a book with missing author", "Create Book API"</td>
<td><div><pre>java.lang.AssertionError: Unexpected status code expected [400] but found [201]
	at org.testng.Assert.fail(Assert.java:111)
	at org.testng.Assert.failNotEquals(Assert.java:1578)
	at org.testng.Assert.assertEqualsImpl(Assert.java:150)
	at org.testng.Assert.assertEquals(Assert.java:132)
	at org.testng.Assert.assertEquals(Assert.java:1419)
	at org.testng.Assert.assertEquals(Assert.java:1383)
	at stepDefinitions.BookApiSteps.iShouldReceiveAResponseWithStatusCode(BookApiSteps.java:56)
	at ✽.I should receive a response with status code 400(file:///C:/Users/shakthi/eclipse-workspace/BDDFramework_BackEnd/src/test/resources/Features/createBook.feature:25)
</pre></div><a href='#' onClick='toggleBox("stack-trace908139452", this, "Click to show all stack frames", "Click to hide stack frames")'>Click to show all stack frames</a>
<div class='stack-trace' id='stack-trace908139452'><pre>java.lang.AssertionError: Unexpected status code expected [400] but found [201]
	at org.testng.Assert.fail(Assert.java:111)
	at org.testng.Assert.failNotEquals(Assert.java:1578)
	at org.testng.Assert.assertEqualsImpl(Assert.java:150)
	at org.testng.Assert.assertEquals(Assert.java:132)
	at org.testng.Assert.assertEquals(Assert.java:1419)
	at org.testng.Assert.assertEquals(Assert.java:1383)
	at stepDefinitions.BookApiSteps.iShouldReceiveAResponseWithStatusCode(BookApiSteps.java:56)
	at ✽.I should receive a response with status code 400(file:///C:/Users/shakthi/eclipse-workspace/BDDFramework_BackEnd/src/test/resources/Features/createBook.feature:25)
</pre></div></td>
<td>0</td>
<td>runners.TestRunner@5852c06f</td></tr>
<tr>
<td title='runners.TestRunner.runScenario()'><b>runScenario</b><br>Test class: runners.TestRunner<br>Test method: Runs Cucumber Scenarios<br>Parameters: "Try to delete a non-existent book", "Delete Book API"</td>
<td><div><pre>java.lang.AssertionError: Unexpected status code expected [404] but found [403]
	at org.testng.Assert.fail(Assert.java:111)
	at org.testng.Assert.failNotEquals(Assert.java:1578)
	at org.testng.Assert.assertEqualsImpl(Assert.java:150)
	at org.testng.Assert.assertEquals(Assert.java:132)
	at org.testng.Assert.assertEquals(Assert.java:1419)
	at org.testng.Assert.assertEquals(Assert.java:1383)
	at stepDefinitions.DeleteBookApiSteps.iShouldReceiveAResponseWithStatusCode(DeleteBookApiSteps.java:67)
	at ✽.I should receive a response with status code for deletion 404(file:///C:/Users/shakthi/eclipse-workspace/BDDFramework_BackEnd/src/test/resources/Features/deleteBook.feature:16)
</pre></div><a href='#' onClick='toggleBox("stack-trace79362455", this, "Click to show all stack frames", "Click to hide stack frames")'>Click to show all stack frames</a>
<div class='stack-trace' id='stack-trace79362455'><pre>java.lang.AssertionError: Unexpected status code expected [404] but found [403]
	at org.testng.Assert.fail(Assert.java:111)
	at org.testng.Assert.failNotEquals(Assert.java:1578)
	at org.testng.Assert.assertEqualsImpl(Assert.java:150)
	at org.testng.Assert.assertEquals(Assert.java:132)
	at org.testng.Assert.assertEquals(Assert.java:1419)
	at org.testng.Assert.assertEquals(Assert.java:1383)
	at stepDefinitions.DeleteBookApiSteps.iShouldReceiveAResponseWithStatusCode(DeleteBookApiSteps.java:67)
	at ✽.I should receive a response with status code for deletion 404(file:///C:/Users/shakthi/eclipse-workspace/BDDFramework_BackEnd/src/test/resources/Features/deleteBook.feature:16)
</pre></div></td>
<td>0</td>
<td>runners.TestRunner@5852c06f</td></tr>
<tr>
<td title='runners.TestRunner.runScenario()'><b>runScenario</b><br>Test class: runners.TestRunner<br>Test method: Runs Cucumber Scenarios<br>Parameters: "Try to create a book with missing title", "Create Book API"</td>
<td><div><pre>java.lang.AssertionError: Unexpected status code expected [400] but found [201]
	at org.testng.Assert.fail(Assert.java:111)
	at org.testng.Assert.failNotEquals(Assert.java:1578)
	at org.testng.Assert.assertEqualsImpl(Assert.java:150)
	at org.testng.Assert.assertEquals(Assert.java:132)
	at org.testng.Assert.assertEquals(Assert.java:1419)
	at org.testng.Assert.assertEquals(Assert.java:1383)
	at stepDefinitions.BookApiSteps.iShouldReceiveAResponseWithStatusCode(BookApiSteps.java:56)
	at ✽.I should receive a response with status code 400(file:///C:/Users/shakthi/eclipse-workspace/BDDFramework_BackEnd/src/test/resources/Features/createBook.feature:17)
</pre></div><a href='#' onClick='toggleBox("stack-trace456826612", this, "Click to show all stack frames", "Click to hide stack frames")'>Click to show all stack frames</a>
<div class='stack-trace' id='stack-trace456826612'><pre>java.lang.AssertionError: Unexpected status code expected [400] but found [201]
	at org.testng.Assert.fail(Assert.java:111)
	at org.testng.Assert.failNotEquals(Assert.java:1578)
	at org.testng.Assert.assertEqualsImpl(Assert.java:150)
	at org.testng.Assert.assertEquals(Assert.java:132)
	at org.testng.Assert.assertEquals(Assert.java:1419)
	at org.testng.Assert.assertEquals(Assert.java:1383)
	at stepDefinitions.BookApiSteps.iShouldReceiveAResponseWithStatusCode(BookApiSteps.java:56)
	at ✽.I should receive a response with status code 400(file:///C:/Users/shakthi/eclipse-workspace/BDDFramework_BackEnd/src/test/resources/Features/createBook.feature:17)
</pre></div></td>
<td>0</td>
<td>runners.TestRunner@5852c06f</td></tr>
</table><p>
<table width='100%' border='1' class='invocation-passed'>
<tr><td colspan='4' align='center'><b>PASSED TESTS</b></td></tr>
<tr><td><b>Test method</b></td>
<td><b>Attribute(s)</b></td>
<td width="30%"><b>Exception</b></td>
<td width="10%"><b>Time (seconds)</b></td>
<td><b>Instance</b></td>
</tr>
<tr>
<td title='runners.TestRunner.runScenario()'><b>runScenario</b><br>Test class: runners.TestRunner<br>Test method: Runs Cucumber Scenarios<br>Parameters: "Successfully create a new book", "Create Book API"</td>
<td></td>
<td>4</td>
<td>runners.TestRunner@5852c06f</td></tr>
<tr>
<td title='runners.TestRunner.runScenario()'><b>runScenario</b><br>Test class: runners.TestRunner<br>Test method: Runs Cucumber Scenarios<br>Parameters: "Try to update a book author without changing title", "Update Book API"</td>
<td></td>
<td>0</td>
<td>runners.TestRunner@5852c06f</td></tr>
<tr>
<td title='runners.TestRunner.runScenario()'><b>runScenario</b><br>Test class: runners.TestRunner<br>Test method: Runs Cucumber Scenarios<br>Parameters: "Successfully update an existing book as an Admin", "Update Book API"</td>
<td></td>
<td>0</td>
<td>runners.TestRunner@5852c06f</td></tr>
<tr>
<td title='runners.TestRunner.runScenario()'><b>runScenario</b><br>Test class: runners.TestRunner<br>Test method: Runs Cucumber Scenarios<br>Parameters: "Try to create a book with an already existing title", "Create Book API"</td>
<td></td>
<td>0</td>
<td>runners.TestRunner@5852c06f</td></tr>
<tr>
<td title='runners.TestRunner.runScenario()'><b>runScenario</b><br>Test class: runners.TestRunner<br>Test method: Runs Cucumber Scenarios<br>Parameters: "User retrieves all books", "Retrieve Book"</td>
<td></td>
<td>0</td>
<td>runners.TestRunner@5852c06f</td></tr>
<tr>
<td title='runners.TestRunner.runScenario()'><b>runScenario</b><br>Test class: runners.TestRunner<br>Test method: Runs Cucumber Scenarios<br>Parameters: "Admin retrieves a book by ID", "Retrieve Book"</td>
<td></td>
<td>0</td>
<td>runners.TestRunner@5852c06f</td></tr>
<tr>
<td title='runners.TestRunner.runScenario()'><b>runScenario</b><br>Test class: runners.TestRunner<br>Test method: Runs Cucumber Scenarios<br>Parameters: "Admin retrieves all books", "Retrieve Book"</td>
<td></td>
<td>0</td>
<td>runners.TestRunner@5852c06f</td></tr>
<tr>
<td title='runners.TestRunner.runScenario()'><b>runScenario</b><br>Test class: runners.TestRunner<br>Test method: Runs Cucumber Scenarios<br>Parameters: "Successfully create a new book", "Create Book API"</td>
<td></td>
<td>0</td>
<td>runners.TestRunner@5852c06f</td></tr>
</table><p>
</body>
</html>